

Started GET "/assets/rails.png" for 101.108.103.106 at 2015-01-31 10:04:39 +0000
Connecting to database specified by database.yml
Served asset /rails.png - 304 Not Modified (33ms)


Started GET "/assets/rails.png" for 101.108.103.106 at 2015-01-31 10:05:00 +0000
Served asset /rails.png - 304 Not Modified (0ms)


Started GET "/assets/rails.png" for 101.108.103.106 at 2015-01-31 10:05:25 +0000
Connecting to database specified by database.yml
Served asset /rails.png - 304 Not Modified (2ms)
Connecting to database specified by database.yml


Started GET "/assets/rails.png" for 101.108.103.106 at 2015-01-31 10:06:37 +0000
Connecting to database specified by database.yml
Served asset /rails.png - 304 Not Modified (2ms)


Started GET "/movies/" for 101.108.103.106 at 2015-01-31 10:06:45 +0000
Processing by MoviesController#index as HTML
Completed 500 Internal Server Error in 81.9ms

ActiveRecord::StatementInvalid (Could not find table 'movies'):
  app/controllers/movies_controller.rb:10:in `index'


  Rendered /usr/local/rvm/gems/ruby-1.9.3-p551/gems/actionpack-3.2.18/lib/action_dispatch/middleware/templates/rescues/_trace.erb (1.2ms)
  Rendered /usr/local/rvm/gems/ruby-1.9.3-p551/gems/actionpack-3.2.18/lib/action_dispatch/middleware/templates/rescues/_request_and_response.erb (1.1ms)
  Rendered /usr/local/rvm/gems/ruby-1.9.3-p551/gems/actionpack-3.2.18/lib/action_dispatch/middleware/templates/rescues/diagnostics.erb within rescues/layout (23.4ms)


Started GET "/" for 101.108.103.106 at 2015-01-31 10:08:52 +0000
Connecting to database specified by database.yml


Started GET "/movies" for 101.108.103.106 at 2015-01-31 10:08:53 +0000
Processing by MoviesController#index as HTML
Completed 500 Internal Server Error in 76.9ms

ActiveRecord::StatementInvalid (Could not find table 'movies'):
  app/controllers/movies_controller.rb:10:in `index'


  Rendered /usr/local/rvm/gems/ruby-1.9.3-p551/gems/actionpack-3.2.18/lib/action_dispatch/middleware/templates/rescues/_trace.erb (1.2ms)
  Rendered /usr/local/rvm/gems/ruby-1.9.3-p551/gems/actionpack-3.2.18/lib/action_dispatch/middleware/templates/rescues/_request_and_response.erb (1.0ms)
  Rendered /usr/local/rvm/gems/ruby-1.9.3-p551/gems/actionpack-3.2.18/lib/action_dispatch/middleware/templates/rescues/diagnostics.erb within rescues/layout (21.2ms)
Connecting to database specified by database.yml
  [1m[36m (0.2ms)[0m  [1mselect sqlite_version(*)[0m
  [1m[35m (18.9ms)[0m  CREATE TABLE "schema_migrations" ("version" varchar(255) NOT NULL) 
  [1m[36m (11.0ms)[0m  [1mCREATE UNIQUE INDEX "unique_schema_migrations" ON "schema_migrations" ("version")[0m
  [1m[35m (5.5ms)[0m  SELECT "schema_migrations"."version" FROM "schema_migrations" 
Migrating to CreateMovies (20111119180638)
  [1m[36m (0.1ms)[0m  [1mbegin transaction[0m
  [1m[35m (0.7ms)[0m  CREATE TABLE "movies" ("id" INTEGER PRIMARY KEY AUTOINCREMENT NOT NULL, "title" varchar(255), "rating" varchar(255), "description" text, "release_date" datetime, "created_at" datetime NOT NULL, "updated_at" datetime NOT NULL) 
  [1m[36m (0.2ms)[0m  [1mINSERT INTO "schema_migrations" ("version") VALUES ('20111119180638')[0m
  [1m[35m (11.2ms)[0m  commit transaction
  [1m[36m (0.1ms)[0m  [1mSELECT "schema_migrations"."version" FROM "schema_migrations" [0m
Connecting to database specified by database.yml
  [1m[36m (5.0ms)[0m  [1mSELECT "schema_migrations"."version" FROM "schema_migrations" [0m
  [1m[35m (0.1ms)[0m  begin transaction
  [1m[36mSQL (5.5ms)[0m  [1mINSERT INTO "movies" ("created_at", "description", "rating", "release_date", "title", "updated_at") VALUES (?, ?, ?, ?, ?, ?)[0m  [["created_at", Fri, 13 Feb 2015 19:18:51 UTC +00:00], ["description", nil], ["rating", "G"], ["release_date", Wed, 25 Nov 1992 00:00:00 UTC +00:00], ["title", "Aladdin"], ["updated_at", Fri, 13 Feb 2015 19:18:51 UTC +00:00]]
  [1m[35m (12.5ms)[0m  commit transaction
  [1m[36m (0.1ms)[0m  [1mbegin transaction[0m
  [1m[35mSQL (0.6ms)[0m  INSERT INTO "movies" ("created_at", "description", "rating", "release_date", "title", "updated_at") VALUES (?, ?, ?, ?, ?, ?)  [["created_at", Fri, 13 Feb 2015 19:18:51 UTC +00:00], ["description", nil], ["rating", "R"], ["release_date", Fri, 26 Oct 1984 00:00:00 UTC +00:00], ["title", "The Terminator"], ["updated_at", Fri, 13 Feb 2015 19:18:51 UTC +00:00]]
  [1m[36m (11.6ms)[0m  [1mcommit transaction[0m
  [1m[35m (0.1ms)[0m  begin transaction
  [1m[36mSQL (0.5ms)[0m  [1mINSERT INTO "movies" ("created_at", "description", "rating", "release_date", "title", "updated_at") VALUES (?, ?, ?, ?, ?, ?)[0m  [["created_at", Fri, 13 Feb 2015 19:18:51 UTC +00:00], ["description", nil], ["rating", "R"], ["release_date", Fri, 21 Jul 1989 00:00:00 UTC +00:00], ["title", "When Harry Met Sally"], ["updated_at", Fri, 13 Feb 2015 19:18:51 UTC +00:00]]
  [1m[35m (10.7ms)[0m  commit transaction
  [1m[36m (0.1ms)[0m  [1mbegin transaction[0m
  [1m[35mSQL (0.4ms)[0m  INSERT INTO "movies" ("created_at", "description", "rating", "release_date", "title", "updated_at") VALUES (?, ?, ?, ?, ?, ?)  [["created_at", Fri, 13 Feb 2015 19:18:51 UTC +00:00], ["description", nil], ["rating", "PG-13"], ["release_date", Wed, 10 Aug 2011 00:00:00 UTC +00:00], ["title", "The Help"], ["updated_at", Fri, 13 Feb 2015 19:18:51 UTC +00:00]]
  [1m[36m (12.4ms)[0m  [1mcommit transaction[0m
  [1m[35m (0.1ms)[0m  begin transaction
  [1m[36mSQL (0.5ms)[0m  [1mINSERT INTO "movies" ("created_at", "description", "rating", "release_date", "title", "updated_at") VALUES (?, ?, ?, ?, ?, ?)[0m  [["created_at", Fri, 13 Feb 2015 19:18:51 UTC +00:00], ["description", nil], ["rating", "PG-13"], ["release_date", Fri, 05 Jan 2001 00:00:00 UTC +00:00], ["title", "Chocolat"], ["updated_at", Fri, 13 Feb 2015 19:18:51 UTC +00:00]]
  [1m[35m (12.2ms)[0m  commit transaction
  [1m[36m (0.1ms)[0m  [1mbegin transaction[0m
  [1m[35mSQL (0.8ms)[0m  INSERT INTO "movies" ("created_at", "description", "rating", "release_date", "title", "updated_at") VALUES (?, ?, ?, ?, ?, ?)  [["created_at", Fri, 13 Feb 2015 19:18:51 UTC +00:00], ["description", nil], ["rating", "R"], ["release_date", Wed, 25 Apr 2001 00:00:00 UTC +00:00], ["title", "Amelie"], ["updated_at", Fri, 13 Feb 2015 19:18:51 UTC +00:00]]
  [1m[36m (11.1ms)[0m  [1mcommit transaction[0m
  [1m[35m (0.1ms)[0m  begin transaction
  [1m[36mSQL (0.4ms)[0m  [1mINSERT INTO "movies" ("created_at", "description", "rating", "release_date", "title", "updated_at") VALUES (?, ?, ?, ?, ?, ?)[0m  [["created_at", Fri, 13 Feb 2015 19:18:51 UTC +00:00], ["description", nil], ["rating", "G"], ["release_date", Sat, 06 Apr 1968 00:00:00 UTC +00:00], ["title", "2001: A Space Odyssey"], ["updated_at", Fri, 13 Feb 2015 19:18:51 UTC +00:00]]
  [1m[35m (16.1ms)[0m  commit transaction
  [1m[36m (0.1ms)[0m  [1mbegin transaction[0m
  [1m[35mSQL (0.7ms)[0m  INSERT INTO "movies" ("created_at", "description", "rating", "release_date", "title", "updated_at") VALUES (?, ?, ?, ?, ?, ?)  [["created_at", Fri, 13 Feb 2015 19:18:51 UTC +00:00], ["description", nil], ["rating", "PG"], ["release_date", Fri, 05 Nov 2004 00:00:00 UTC +00:00], ["title", "The Incredibles"], ["updated_at", Fri, 13 Feb 2015 19:18:51 UTC +00:00]]
  [1m[36m (13.0ms)[0m  [1mcommit transaction[0m
  [1m[35m (1.3ms)[0m  begin transaction
  [1m[36mSQL (0.5ms)[0m  [1mINSERT INTO "movies" ("created_at", "description", "rating", "release_date", "title", "updated_at") VALUES (?, ?, ?, ?, ?, ?)[0m  [["created_at", Fri, 13 Feb 2015 19:18:51 UTC +00:00], ["description", nil], ["rating", "PG"], ["release_date", Fri, 12 Jun 1981 00:00:00 UTC +00:00], ["title", "Raiders of the Lost Ark"], ["updated_at", Fri, 13 Feb 2015 19:18:51 UTC +00:00]]
  [1m[35m (15.6ms)[0m  commit transaction
  [1m[36m (0.1ms)[0m  [1mbegin transaction[0m
  [1m[35mSQL (1.6ms)[0m  INSERT INTO "movies" ("created_at", "description", "rating", "release_date", "title", "updated_at") VALUES (?, ?, ?, ?, ?, ?)  [["created_at", Fri, 13 Feb 2015 19:18:51 UTC +00:00], ["description", nil], ["rating", "G"], ["release_date", Wed, 21 Jun 2000 00:00:00 UTC +00:00], ["title", "Chicken Run"], ["updated_at", Fri, 13 Feb 2015 19:18:51 UTC +00:00]]
  [1m[36m (10.5ms)[0m  [1mcommit transaction[0m


Started GET "/" for 171.98.235.46 at 2015-02-13 19:21:28 +0000
Connecting to database specified by database.yml


Started GET "/movies" for 171.98.235.46 at 2015-02-13 19:21:29 +0000
Processing by MoviesController#index as HTML
  [1m[36mMovie Load (0.2ms)[0m  [1mSELECT "movies".* FROM "movies" [0m
  Rendered movies/index.html.haml within layouts/application (14.0ms)
Compiled application.css  (0ms)  (pid 1453)
Compiled jquery.js  (1ms)  (pid 1453)
Compiled jquery_ujs.js  (0ms)  (pid 1453)
Compiled application.js  (54ms)  (pid 1453)
Completed 200 OK in 285.6ms (Views: 153.3ms | ActiveRecord: 4.3ms)


Started GET "/assets/application.css?body=1" for 171.98.235.46 at 2015-02-13 19:21:30 +0000
Served asset /application.css - 200 OK (3ms)


Started GET "/assets/jquery_ujs.js?body=1" for 171.98.235.46 at 2015-02-13 19:21:30 +0000
Served asset /jquery_ujs.js - 200 OK (2ms)


Started GET "/assets/application.js?body=1" for 171.98.235.46 at 2015-02-13 19:21:30 +0000
Served asset /application.js - 200 OK (5ms)


Started GET "/assets/jquery.js?body=1" for 171.98.235.46 at 2015-02-13 19:21:30 +0000
Served asset /jquery.js - 200 OK (3ms)


Started GET "/" for 171.98.235.46 at 2015-02-13 20:33:15 +0000
Connecting to database specified by database.yml


Started GET "/movies" for 171.98.235.46 at 2015-02-13 20:33:16 +0000
Processing by MoviesController#index as HTML
  [1m[36mMovie Load (0.3ms)[0m  [1mSELECT "movies".* FROM "movies" [0m
  [1m[35mCACHE (0.0ms)[0m  SELECT "movies".* FROM "movies" 
  Rendered movies/index.html.haml within layouts/application (14.8ms)
Compiled application.css  (0ms)  (pid 1972)
Completed 200 OK in 181.9ms (Views: 80.5ms | ActiveRecord: 7.0ms)


Started GET "/assets/application.css?body=1" for 171.98.235.46 at 2015-02-13 20:33:17 +0000
Served asset /application.css - 200 OK (34ms)


Started GET "/assets/jquery_ujs.js?body=1" for 171.98.235.46 at 2015-02-13 20:33:17 +0000
Served asset /jquery_ujs.js - 304 Not Modified (3ms)


Started GET "/assets/application.js?body=1" for 171.98.235.46 at 2015-02-13 20:33:17 +0000
Served asset /application.js - 304 Not Modified (5ms)


Started GET "/assets/jquery.js?body=1" for 171.98.235.46 at 2015-02-13 20:33:17 +0000
Served asset /jquery.js - 304 Not Modified (6ms)


Started GET "/" for 171.98.235.46 at 2015-02-13 20:42:18 +0000
Connecting to database specified by database.yml


Started GET "/movies" for 171.98.235.46 at 2015-02-13 20:42:19 +0000
Processing by MoviesController#index as HTML
  [1m[36mMovie Load (0.2ms)[0m  [1mSELECT "movies".* FROM "movies" [0m
  [1m[35mCACHE (0.0ms)[0m  SELECT "movies".* FROM "movies" 
  Rendered movies/index.html.haml within layouts/application (12.3ms)
Completed 200 OK in 156.0ms (Views: 69.0ms | ActiveRecord: 4.3ms)


Started GET "/assets/application.css?body=1" for 171.98.235.46 at 2015-02-13 20:42:20 +0000
Served asset /application.css - 304 Not Modified (2ms)


Started GET "/assets/jquery.js?body=1" for 171.98.235.46 at 2015-02-13 20:42:20 +0000
Served asset /jquery.js - 304 Not Modified (5ms)


Started GET "/assets/jquery_ujs.js?body=1" for 171.98.235.46 at 2015-02-13 20:42:20 +0000
Served asset /jquery_ujs.js - 304 Not Modified (2ms)


Started GET "/assets/application.js?body=1" for 171.98.235.46 at 2015-02-13 20:42:20 +0000
Served asset /application.js - 304 Not Modified (5ms)


Started GET "/" for 171.98.235.46 at 2015-02-13 21:00:07 +0000
Connecting to database specified by database.yml


Started GET "/movies" for 171.98.235.46 at 2015-02-13 21:00:08 +0000
Processing by MoviesController#index as HTML
  [1m[36mMovie Load (0.2ms)[0m  [1mSELECT "movies".* FROM "movies" [0m
  Rendered movies/index.html.haml within layouts/application (12.0ms)
Compiled application.css  (0ms)  (pid 2092)
Completed 200 OK in 172.1ms (Views: 79.0ms | ActiveRecord: 4.1ms)


Started GET "/assets/application.css?body=1" for 171.98.235.46 at 2015-02-13 21:00:08 +0000
Served asset /application.css - 200 OK (2ms)


Started GET "/assets/jquery_ujs.js?body=1" for 171.98.235.46 at 2015-02-13 21:00:08 +0000
Served asset /jquery_ujs.js - 304 Not Modified (4ms)


Started GET "/assets/application.js?body=1" for 171.98.235.46 at 2015-02-13 21:00:08 +0000
Served asset /application.js - 304 Not Modified (5ms)


Started GET "/assets/jquery.js?body=1" for 171.98.235.46 at 2015-02-13 21:00:09 +0000
Served asset /jquery.js - 304 Not Modified (5ms)


Started GET "/" for 171.98.235.46 at 2015-02-13 21:01:25 +0000
Connecting to database specified by database.yml


Started GET "/movies" for 171.98.235.46 at 2015-02-13 21:01:26 +0000
Processing by MoviesController#index as HTML
  [1m[36mMovie Load (0.2ms)[0m  [1mSELECT "movies".* FROM "movies" [0m
  Rendered movies/index.html.haml within layouts/application (11.8ms)
Completed 200 OK in 159.1ms (Views: 67.4ms | ActiveRecord: 5.6ms)


Started GET "/assets/application.css?body=1" for 171.98.235.46 at 2015-02-13 21:01:26 +0000
Served asset /application.css - 304 Not Modified (4ms)


Started GET "/assets/application.js?body=1" for 171.98.235.46 at 2015-02-13 21:01:26 +0000
Served asset /application.js - 304 Not Modified (5ms)


Started GET "/assets/jquery_ujs.js?body=1" for 171.98.235.46 at 2015-02-13 21:01:26 +0000
Served asset /jquery_ujs.js - 304 Not Modified (2ms)


Started GET "/assets/jquery.js?body=1" for 171.98.235.46 at 2015-02-13 21:01:26 +0000
Served asset /jquery.js - 304 Not Modified (3ms)


Started GET "/" for 171.98.235.46 at 2015-02-13 21:02:03 +0000


Started GET "/movies" for 171.98.235.46 at 2015-02-13 21:02:03 +0000
Processing by MoviesController#index as HTML
  [1m[35mMovie Load (0.4ms)[0m  SELECT "movies".* FROM "movies" 
  Rendered movies/index.html.haml within layouts/application (9.9ms)
Completed 200 OK in 20.5ms (Views: 17.8ms | ActiveRecord: 0.4ms)


Started GET "/assets/application.css?body=1" for 171.98.235.46 at 2015-02-13 21:02:03 +0000
Served asset /application.css - 304 Not Modified (0ms)


Started GET "/assets/application.js?body=1" for 171.98.235.46 at 2015-02-13 21:02:03 +0000
Served asset /application.js - 304 Not Modified (3ms)


Started GET "/assets/jquery_ujs.js?body=1" for 171.98.235.46 at 2015-02-13 21:02:03 +0000
Served asset /jquery_ujs.js - 304 Not Modified (0ms)


Started GET "/assets/jquery.js?body=1" for 171.98.235.46 at 2015-02-13 21:02:03 +0000
Served asset /jquery.js - 304 Not Modified (0ms)


Started GET "/movies?sort_by=title" for 171.98.235.46 at 2015-02-13 21:02:05 +0000
Processing by MoviesController#index as HTML
  Parameters: {"sort_by"=>"title"}
  [1m[36mMovie Load (0.4ms)[0m  [1mSELECT "movies".* FROM "movies" ORDER BY title[0m
  Rendered movies/index.html.haml within layouts/application (5.2ms)
Completed 200 OK in 15.8ms (Views: 13.5ms | ActiveRecord: 0.4ms)


Started GET "/assets/application.css?body=1" for 171.98.235.46 at 2015-02-13 21:02:06 +0000
Served asset /application.css - 304 Not Modified (0ms)


Started GET "/assets/jquery.js?body=1" for 171.98.235.46 at 2015-02-13 21:02:06 +0000
Served asset /jquery.js - 304 Not Modified (1ms)


Started GET "/assets/application.js?body=1" for 171.98.235.46 at 2015-02-13 21:02:06 +0000
Served asset /application.js - 304 Not Modified (1ms)


Started GET "/assets/jquery_ujs.js?body=1" for 171.98.235.46 at 2015-02-13 21:02:06 +0000
Served asset /jquery_ujs.js - 304 Not Modified (0ms)


Started GET "/movies?sort_by=title" for 171.98.235.46 at 2015-02-13 21:02:07 +0000
Processing by MoviesController#index as HTML
  Parameters: {"sort_by"=>"title"}
  [1m[35mMovie Load (0.4ms)[0m  SELECT "movies".* FROM "movies" ORDER BY title
  Rendered movies/index.html.haml within layouts/application (5.7ms)
Completed 200 OK in 15.5ms (Views: 13.2ms | ActiveRecord: 0.4ms)


Started GET "/assets/application.css?body=1" for 171.98.235.46 at 2015-02-13 21:02:08 +0000
Served asset /application.css - 304 Not Modified (3ms)


Started GET "/assets/jquery.js?body=1" for 171.98.235.46 at 2015-02-13 21:02:08 +0000
Served asset /jquery.js - 304 Not Modified (0ms)


Started GET "/assets/application.js?body=1" for 171.98.235.46 at 2015-02-13 21:02:08 +0000
Served asset /application.js - 304 Not Modified (1ms)


Started GET "/assets/jquery_ujs.js?body=1" for 171.98.235.46 at 2015-02-13 21:02:08 +0000
Served asset /jquery_ujs.js - 304 Not Modified (0ms)


Started GET "/movies?sort_by=title" for 171.98.235.46 at 2015-02-13 21:02:10 +0000
Processing by MoviesController#index as HTML
  Parameters: {"sort_by"=>"title"}
  [1m[36mMovie Load (0.4ms)[0m  [1mSELECT "movies".* FROM "movies" ORDER BY title[0m
  Rendered movies/index.html.haml within layouts/application (5.3ms)
Completed 200 OK in 13.8ms (Views: 11.7ms | ActiveRecord: 0.4ms)


Started GET "/assets/application.css?body=1" for 171.98.235.46 at 2015-02-13 21:02:10 +0000
Served asset /application.css - 304 Not Modified (0ms)


Started GET "/assets/jquery.js?body=1" for 171.98.235.46 at 2015-02-13 21:02:10 +0000
Served asset /jquery.js - 304 Not Modified (4ms)


Started GET "/assets/application.js?body=1" for 171.98.235.46 at 2015-02-13 21:02:10 +0000
Served asset /application.js - 304 Not Modified (1ms)


Started GET "/assets/jquery_ujs.js?body=1" for 171.98.235.46 at 2015-02-13 21:02:10 +0000
Served asset /jquery_ujs.js - 304 Not Modified (0ms)


Started GET "/movies?sort_by=title" for 171.98.235.46 at 2015-02-13 21:02:12 +0000
Processing by MoviesController#index as HTML
  Parameters: {"sort_by"=>"title"}
  [1m[35mMovie Load (0.4ms)[0m  SELECT "movies".* FROM "movies" ORDER BY title
  Rendered movies/index.html.haml within layouts/application (5.2ms)
Completed 200 OK in 14.3ms (Views: 12.2ms | ActiveRecord: 0.4ms)


Started GET "/assets/application.css?body=1" for 171.98.235.46 at 2015-02-13 21:02:12 +0000
Served asset /application.css - 304 Not Modified (1ms)


Started GET "/assets/jquery.js?body=1" for 171.98.235.46 at 2015-02-13 21:02:12 +0000
Served asset /jquery.js - 304 Not Modified (0ms)


Started GET "/assets/jquery_ujs.js?body=1" for 171.98.235.46 at 2015-02-13 21:02:12 +0000
Served asset /jquery_ujs.js - 304 Not Modified (0ms)


Started GET "/assets/application.js?body=1" for 171.98.235.46 at 2015-02-13 21:02:12 +0000
Served asset /application.js - 304 Not Modified (1ms)


Started GET "/movies?sort_by=title" for 171.98.235.46 at 2015-02-13 21:02:13 +0000
Processing by MoviesController#index as HTML
  Parameters: {"sort_by"=>"title"}
  [1m[36mMovie Load (0.3ms)[0m  [1mSELECT "movies".* FROM "movies" ORDER BY title[0m
  Rendered movies/index.html.haml within layouts/application (4.8ms)
Completed 200 OK in 15.2ms (Views: 11.6ms | ActiveRecord: 0.3ms)


Started GET "/assets/application.css?body=1" for 171.98.235.46 at 2015-02-13 21:02:13 +0000
Served asset /application.css - 304 Not Modified (0ms)


Started GET "/assets/jquery_ujs.js?body=1" for 171.98.235.46 at 2015-02-13 21:02:13 +0000
Served asset /jquery_ujs.js - 304 Not Modified (0ms)


Started GET "/assets/application.js?body=1" for 171.98.235.46 at 2015-02-13 21:02:13 +0000
Served asset /application.js - 304 Not Modified (1ms)


Started GET "/assets/jquery.js?body=1" for 171.98.235.46 at 2015-02-13 21:02:13 +0000
Served asset /jquery.js - 304 Not Modified (0ms)


Started GET "/" for 171.98.235.46 at 2015-02-13 21:06:21 +0000


Started GET "/movies" for 171.98.235.46 at 2015-02-13 21:06:21 +0000
Processing by MoviesController#index as HTML
  [1m[35mMovie Load (0.5ms)[0m  SELECT "movies".* FROM "movies" 
  Rendered movies/index.html.haml within layouts/application (7.2ms)
Compiled application.css  (0ms)  (pid 2109)
Completed 200 OK in 33.0ms (Views: 28.6ms | ActiveRecord: 0.5ms)


Started GET "/assets/application.css?body=1" for 171.98.235.46 at 2015-02-13 21:06:21 +0000
Served asset /application.css - 200 OK (4ms)


Started GET "/assets/application.js?body=1" for 171.98.235.46 at 2015-02-13 21:06:21 +0000
Served asset /application.js - 304 Not Modified (6ms)


Started GET "/assets/jquery_ujs.js?body=1" for 171.98.235.46 at 2015-02-13 21:06:21 +0000
Served asset /jquery_ujs.js - 304 Not Modified (0ms)


Started GET "/assets/jquery.js?body=1" for 171.98.235.46 at 2015-02-13 21:06:21 +0000
Served asset /jquery.js - 304 Not Modified (0ms)


Started GET "/movies?sort_by=title" for 171.98.235.46 at 2015-02-13 21:06:23 +0000
Processing by MoviesController#index as HTML
  Parameters: {"sort_by"=>"title"}
  [1m[36mMovie Load (0.4ms)[0m  [1mSELECT "movies".* FROM "movies" ORDER BY title[0m
  Rendered movies/index.html.haml within layouts/application (5.2ms)
Completed 200 OK in 14.2ms (Views: 12.0ms | ActiveRecord: 0.4ms)


Started GET "/assets/jquery_ujs.js?body=1" for 171.98.235.46 at 2015-02-13 21:06:23 +0000
Served asset /jquery_ujs.js - 304 Not Modified (0ms)


Started GET "/assets/application.css?body=1" for 171.98.235.46 at 2015-02-13 21:06:23 +0000
Served asset /application.css - 304 Not Modified (0ms)


Started GET "/assets/jquery.js?body=1" for 171.98.235.46 at 2015-02-13 21:06:23 +0000
Served asset /jquery.js - 304 Not Modified (0ms)


Started GET "/assets/application.js?body=1" for 171.98.235.46 at 2015-02-13 21:06:23 +0000
Served asset /application.js - 304 Not Modified (1ms)


Started GET "/movies?sort_by=title" for 171.98.235.46 at 2015-02-13 21:06:25 +0000
Processing by MoviesController#index as HTML
  Parameters: {"sort_by"=>"title"}
  [1m[35mMovie Load (0.4ms)[0m  SELECT "movies".* FROM "movies" ORDER BY title
  Rendered movies/index.html.haml within layouts/application (5.1ms)
Completed 200 OK in 13.5ms (Views: 11.5ms | ActiveRecord: 0.4ms)


Started GET "/assets/application.css?body=1" for 171.98.235.46 at 2015-02-13 21:06:25 +0000
Served asset /application.css - 304 Not Modified (0ms)


Started GET "/assets/application.js?body=1" for 171.98.235.46 at 2015-02-13 21:06:25 +0000
Served asset /application.js - 304 Not Modified (2ms)


Started GET "/assets/jquery_ujs.js?body=1" for 171.98.235.46 at 2015-02-13 21:06:25 +0000
Served asset /jquery_ujs.js - 304 Not Modified (0ms)


Started GET "/assets/jquery.js?body=1" for 171.98.235.46 at 2015-02-13 21:06:25 +0000
Served asset /jquery.js - 304 Not Modified (1ms)


Started GET "/" for 171.98.235.46 at 2015-02-13 21:11:18 +0000


Started GET "/movies" for 171.98.235.46 at 2015-02-13 21:11:19 +0000
Processing by MoviesController#index as HTML
  [1m[36mMovie Load (1.4ms)[0m  [1mSELECT "movies".* FROM "movies" [0m
  Rendered movies/index.html.haml within layouts/application (74.1ms)
Completed 200 OK in 89.4ms (Views: 83.7ms | ActiveRecord: 1.4ms)


Started GET "/assets/application.css?body=1" for 171.98.235.46 at 2015-02-13 21:11:19 +0000
Served asset /application.css - 304 Not Modified (2ms)


Started GET "/assets/jquery_ujs.js?body=1" for 171.98.235.46 at 2015-02-13 21:11:19 +0000
Served asset /jquery_ujs.js - 304 Not Modified (0ms)


Started GET "/assets/application.js?body=1" for 171.98.235.46 at 2015-02-13 21:11:19 +0000
Served asset /application.js - 304 Not Modified (1ms)


Started GET "/assets/jquery.js?body=1" for 171.98.235.46 at 2015-02-13 21:11:19 +0000
Served asset /jquery.js - 304 Not Modified (1ms)


Started GET "/movies?sort_by=release_date" for 171.98.235.46 at 2015-02-13 21:11:20 +0000
Processing by MoviesController#index as HTML
  Parameters: {"sort_by"=>"release_date"}
  [1m[35mMovie Load (0.4ms)[0m  SELECT "movies".* FROM "movies" ORDER BY release_date
  Rendered movies/index.html.haml within layouts/application (5.0ms)
Completed 200 OK in 14.4ms (Views: 11.9ms | ActiveRecord: 0.4ms)


Started GET "/assets/application.css?body=1" for 171.98.235.46 at 2015-02-13 21:11:21 +0000
Served asset /application.css - 304 Not Modified (0ms)


Started GET "/assets/jquery_ujs.js?body=1" for 171.98.235.46 at 2015-02-13 21:11:21 +0000
Served asset /jquery_ujs.js - 304 Not Modified (2ms)


Started GET "/assets/jquery.js?body=1" for 171.98.235.46 at 2015-02-13 21:11:21 +0000
Served asset /jquery.js - 304 Not Modified (0ms)


Started GET "/assets/application.js?body=1" for 171.98.235.46 at 2015-02-13 21:11:21 +0000
Served asset /application.js - 304 Not Modified (2ms)


Started GET "/movies?sort_by=title" for 171.98.235.46 at 2015-02-13 21:11:26 +0000
Processing by MoviesController#index as HTML
  Parameters: {"sort_by"=>"title"}
  [1m[36mMovie Load (0.4ms)[0m  [1mSELECT "movies".* FROM "movies" ORDER BY title[0m
  Rendered movies/index.html.haml within layouts/application (5.4ms)
Completed 200 OK in 13.7ms (Views: 11.6ms | ActiveRecord: 0.4ms)


Started GET "/assets/application.css?body=1" for 171.98.235.46 at 2015-02-13 21:11:26 +0000
Served asset /application.css - 304 Not Modified (0ms)


Started GET "/assets/application.js?body=1" for 171.98.235.46 at 2015-02-13 21:11:26 +0000
Served asset /application.js - 304 Not Modified (3ms)


Started GET "/assets/jquery.js?body=1" for 171.98.235.46 at 2015-02-13 21:11:26 +0000
Served asset /jquery.js - 304 Not Modified (0ms)


Started GET "/assets/jquery_ujs.js?body=1" for 171.98.235.46 at 2015-02-13 21:11:26 +0000
Served asset /jquery_ujs.js - 304 Not Modified (0ms)


Started GET "/movies?sort_by=title" for 171.98.235.46 at 2015-02-13 21:11:28 +0000
Processing by MoviesController#index as HTML
  Parameters: {"sort_by"=>"title"}
  [1m[35mMovie Load (0.3ms)[0m  SELECT "movies".* FROM "movies" ORDER BY title
  Rendered movies/index.html.haml within layouts/application (4.9ms)
Completed 200 OK in 14.6ms (Views: 12.7ms | ActiveRecord: 0.3ms)


Started GET "/assets/application.css?body=1" for 171.98.235.46 at 2015-02-13 21:11:28 +0000
Served asset /application.css - 304 Not Modified (0ms)


Started GET "/assets/jquery.js?body=1" for 171.98.235.46 at 2015-02-13 21:11:28 +0000
Served asset /jquery.js - 304 Not Modified (3ms)


Started GET "/assets/jquery_ujs.js?body=1" for 171.98.235.46 at 2015-02-13 21:11:28 +0000
Served asset /jquery_ujs.js - 304 Not Modified (0ms)


Started GET "/assets/application.js?body=1" for 171.98.235.46 at 2015-02-13 21:11:28 +0000
Served asset /application.js - 304 Not Modified (1ms)


Started GET "/movies?sort_by=release_date" for 171.98.235.46 at 2015-02-13 21:11:29 +0000
Processing by MoviesController#index as HTML
  Parameters: {"sort_by"=>"release_date"}
  [1m[36mMovie Load (0.4ms)[0m  [1mSELECT "movies".* FROM "movies" ORDER BY release_date[0m
  Rendered movies/index.html.haml within layouts/application (4.7ms)
Completed 200 OK in 13.2ms (Views: 11.1ms | ActiveRecord: 0.4ms)


Started GET "/assets/application.js?body=1" for 171.98.235.46 at 2015-02-13 21:11:29 +0000
Served asset /application.js - 304 Not Modified (1ms)


Started GET "/assets/jquery.js?body=1" for 171.98.235.46 at 2015-02-13 21:11:29 +0000
Served asset /jquery.js - 304 Not Modified (0ms)


Started GET "/assets/application.css?body=1" for 171.98.235.46 at 2015-02-13 21:11:29 +0000
Served asset /application.css - 304 Not Modified (0ms)


Started GET "/assets/jquery_ujs.js?body=1" for 171.98.235.46 at 2015-02-13 21:11:29 +0000
Served asset /jquery_ujs.js - 304 Not Modified (0ms)


Started GET "/movies?sort_by=title" for 171.98.235.46 at 2015-02-13 21:11:57 +0000
Processing by MoviesController#index as HTML
  Parameters: {"sort_by"=>"title"}
  [1m[35mMovie Load (0.9ms)[0m  SELECT "movies".* FROM "movies" ORDER BY title
  Rendered movies/index.html.haml within layouts/application (6.0ms)
Completed 200 OK in 16.5ms (Views: 13.5ms | ActiveRecord: 0.9ms)


Started GET "/assets/application.css?body=1" for 171.98.235.46 at 2015-02-13 21:11:58 +0000
Served asset /application.css - 304 Not Modified (0ms)


Started GET "/assets/jquery.js?body=1" for 171.98.235.46 at 2015-02-13 21:11:58 +0000
Served asset /jquery.js - 304 Not Modified (0ms)


Started GET "/assets/application.js?body=1" for 171.98.235.46 at 2015-02-13 21:11:58 +0000
Served asset /application.js - 304 Not Modified (1ms)


Started GET "/assets/jquery_ujs.js?body=1" for 171.98.235.46 at 2015-02-13 21:11:58 +0000
Served asset /jquery_ujs.js - 304 Not Modified (0ms)


Started GET "/movies?sort_by=release_date" for 171.98.235.46 at 2015-02-13 21:12:02 +0000
Processing by MoviesController#index as HTML
  Parameters: {"sort_by"=>"release_date"}
  [1m[36mMovie Load (0.4ms)[0m  [1mSELECT "movies".* FROM "movies" ORDER BY release_date[0m
  Rendered movies/index.html.haml within layouts/application (7.3ms)
Completed 200 OK in 16.2ms (Views: 14.0ms | ActiveRecord: 0.4ms)


Started GET "/assets/application.css?body=1" for 171.98.235.46 at 2015-02-13 21:12:03 +0000
Served asset /application.css - 304 Not Modified (0ms)


Started GET "/assets/jquery_ujs.js?body=1" for 171.98.235.46 at 2015-02-13 21:12:03 +0000
Served asset /jquery_ujs.js - 304 Not Modified (0ms)


Started GET "/assets/application.js?body=1" for 171.98.235.46 at 2015-02-13 21:12:03 +0000
Served asset /application.js - 304 Not Modified (2ms)


Started GET "/assets/jquery.js?body=1" for 171.98.235.46 at 2015-02-13 21:12:03 +0000
Served asset /jquery.js - 304 Not Modified (0ms)


Started GET "/" for 171.98.235.46 at 2015-02-13 21:19:48 +0000


Started GET "/movies" for 171.98.235.46 at 2015-02-13 21:19:48 +0000
Processing by MoviesController#index as HTML
  [1m[35mMovie Load (0.2ms)[0m  SELECT "movies".* FROM "movies" 
  Rendered movies/index.html.haml within layouts/application (6.7ms)
Completed 200 OK in 32.9ms (Views: 17.3ms | ActiveRecord: 1.6ms)


Started GET "/assets/application.css?body=1" for 171.98.235.46 at 2015-02-13 21:19:49 +0000
Served asset /application.css - 304 Not Modified (0ms)


Started GET "/assets/jquery_ujs.js?body=1" for 171.98.235.46 at 2015-02-13 21:19:49 +0000
Served asset /jquery_ujs.js - 304 Not Modified (0ms)


Started GET "/assets/application.js?body=1" for 171.98.235.46 at 2015-02-13 21:19:49 +0000
Served asset /application.js - 304 Not Modified (1ms)


Started GET "/assets/jquery.js?body=1" for 171.98.235.46 at 2015-02-13 21:19:49 +0000
Served asset /jquery.js - 304 Not Modified (1ms)


Started GET "/movies?sort_by=title" for 171.98.235.46 at 2015-02-13 21:19:58 +0000
Processing by MoviesController#index as HTML
  Parameters: {"sort_by"=>"title"}
  [1m[36mMovie Load (0.4ms)[0m  [1mSELECT "movies".* FROM "movies" ORDER BY title[0m
  Rendered movies/index.html.haml within layouts/application (5.6ms)
Completed 200 OK in 13.6ms (Views: 11.5ms | ActiveRecord: 0.4ms)


Started GET "/assets/jquery.js?body=1" for 171.98.235.46 at 2015-02-13 21:19:58 +0000
Served asset /jquery.js - 304 Not Modified (1ms)


Started GET "/assets/jquery_ujs.js?body=1" for 171.98.235.46 at 2015-02-13 21:19:58 +0000
Served asset /jquery_ujs.js - 304 Not Modified (0ms)


Started GET "/assets/application.css?body=1" for 171.98.235.46 at 2015-02-13 21:19:58 +0000
Served asset /application.css - 304 Not Modified (0ms)


Started GET "/assets/application.js?body=1" for 171.98.235.46 at 2015-02-13 21:19:58 +0000
Served asset /application.js - 304 Not Modified (2ms)


Started GET "/movies?sort_by=release_date" for 171.98.235.46 at 2015-02-13 21:20:01 +0000
Processing by MoviesController#index as HTML
  Parameters: {"sort_by"=>"release_date"}
  [1m[35mMovie Load (0.4ms)[0m  SELECT "movies".* FROM "movies" ORDER BY release_date
  Rendered movies/index.html.haml within layouts/application (7.6ms)
Completed 200 OK in 17.5ms (Views: 15.3ms | ActiveRecord: 0.4ms)


Started GET "/assets/application.css?body=1" for 171.98.235.46 at 2015-02-13 21:20:02 +0000
Served asset /application.css - 304 Not Modified (3ms)


Started GET "/assets/jquery.js?body=1" for 171.98.235.46 at 2015-02-13 21:20:02 +0000
Served asset /jquery.js - 304 Not Modified (1ms)


Started GET "/assets/jquery_ujs.js?body=1" for 171.98.235.46 at 2015-02-13 21:20:02 +0000
Served asset /jquery_ujs.js - 304 Not Modified (0ms)


Started GET "/assets/application.js?body=1" for 171.98.235.46 at 2015-02-13 21:20:02 +0000
Served asset /application.js - 304 Not Modified (1ms)


Started GET "/" for 171.98.235.46 at 2015-02-13 21:34:50 +0000


Started GET "/movies" for 171.98.235.46 at 2015-02-13 21:34:50 +0000
Processing by MoviesController#index as HTML
  [1m[36mMovie Load (0.2ms)[0m  [1mSELECT "movies".* FROM "movies" [0m
  Rendered movies/index.html.haml within layouts/application (5.1ms)
Completed 200 OK in 26.6ms (Views: 14.2ms | ActiveRecord: 1.1ms)


Started GET "/assets/application.css?body=1" for 171.98.235.46 at 2015-02-13 21:34:50 +0000
Served asset /application.css - 304 Not Modified (1ms)


Started GET "/assets/application.js?body=1" for 171.98.235.46 at 2015-02-13 21:34:50 +0000
Served asset /application.js - 304 Not Modified (1ms)


Started GET "/assets/jquery_ujs.js?body=1" for 171.98.235.46 at 2015-02-13 21:34:50 +0000
Served asset /jquery_ujs.js - 304 Not Modified (0ms)


Started GET "/assets/jquery.js?body=1" for 171.98.235.46 at 2015-02-13 21:34:50 +0000
Served asset /jquery.js - 304 Not Modified (1ms)


Started GET "/movies?sort_by=title" for 171.98.235.46 at 2015-02-13 21:34:52 +0000
Processing by MoviesController#index as HTML
  Parameters: {"sort_by"=>"title"}
  [1m[35mMovie Load (0.3ms)[0m  SELECT "movies".* FROM "movies" ORDER BY title
  Rendered movies/index.html.haml within layouts/application (5.0ms)
Completed 200 OK in 12.9ms (Views: 11.0ms | ActiveRecord: 0.3ms)


Started GET "/assets/jquery.js?body=1" for 171.98.235.46 at 2015-02-13 21:34:52 +0000
Served asset /jquery.js - 304 Not Modified (4ms)


Started GET "/assets/application.css?body=1" for 171.98.235.46 at 2015-02-13 21:34:52 +0000
Served asset /application.css - 304 Not Modified (0ms)


Started GET "/assets/jquery_ujs.js?body=1" for 171.98.235.46 at 2015-02-13 21:34:52 +0000
Served asset /jquery_ujs.js - 304 Not Modified (0ms)


Started GET "/assets/application.js?body=1" for 171.98.235.46 at 2015-02-13 21:34:52 +0000
Served asset /application.js - 304 Not Modified (1ms)


Started GET "/movies?sort_by=release_date" for 171.98.235.46 at 2015-02-13 21:34:53 +0000
Processing by MoviesController#index as HTML
  Parameters: {"sort_by"=>"release_date"}
  [1m[36mMovie Load (0.3ms)[0m  [1mSELECT "movies".* FROM "movies" ORDER BY release_date[0m
  Rendered movies/index.html.haml within layouts/application (4.9ms)
Completed 200 OK in 13.3ms (Views: 11.2ms | ActiveRecord: 0.3ms)


Started GET "/assets/application.css?body=1" for 171.98.235.46 at 2015-02-13 21:34:54 +0000
Served asset /application.css - 304 Not Modified (1ms)


Started GET "/assets/application.js?body=1" for 171.98.235.46 at 2015-02-13 21:34:54 +0000
Served asset /application.js - 304 Not Modified (2ms)


Started GET "/assets/jquery_ujs.js?body=1" for 171.98.235.46 at 2015-02-13 21:34:54 +0000
Served asset /jquery_ujs.js - 304 Not Modified (0ms)


Started GET "/assets/jquery.js?body=1" for 171.98.235.46 at 2015-02-13 21:34:54 +0000
Served asset /jquery.js - 304 Not Modified (1ms)
